<?xml version="1.0" encoding="UTF-8"?>
<testng-results skipped="0" failed="0" total="2" passed="2">
  <reporter-output>
  </reporter-output>
  <suite name="Default suite" duration-ms="6785" started-at="2020-02-07T18:26:20Z" finished-at="2020-02-07T18:26:27Z">
    <groups>
    </groups>
    <test name="Default test" duration-ms="6785" started-at="2020-02-07T18:26:20Z" finished-at="2020-02-07T18:26:27Z">
      <class name="Academy.validateTitle">
        <test-method status="PASS" signature="initialize()[pri:0, instance:Academy.validateTitle@32910148]" name="initialize" is-config="true" duration-ms="6604" started-at="2020-02-07T12:26:20Z" finished-at="2020-02-07T12:26:27Z">
          <reporter-output>
          </reporter-output>
        </test-method> <!-- initialize -->
        <test-method status="PASS" signature="validateAppTitle()[pri:0, instance:Academy.validateTitle@32910148]" name="validateAppTitle" duration-ms="47" started-at="2020-02-07T12:26:27Z" finished-at="2020-02-07T12:26:27Z">
          <reporter-output>
          </reporter-output>
        </test-method> <!-- validateAppTitle -->
        <test-method status="PASS" signature="validateHeader()[pri:0, instance:Academy.validateTitle@32910148]" name="validateHeader" duration-ms="38" started-at="2020-02-07T12:26:27Z" finished-at="2020-02-07T12:26:27Z">
          <reporter-output>
          </reporter-output>
        </test-method> <!-- validateHeader -->
        <test-method status="PASS" signature="teardown()[pri:0, instance:Academy.validateTitle@32910148]" name="teardown" is-config="true" duration-ms="82" started-at="2020-02-07T12:26:27Z" finished-at="2020-02-07T12:26:27Z">
          <reporter-output>
          </reporter-output>
        </test-method> <!-- teardown -->
      </class> <!-- Academy.validateTitle -->
    </test> <!-- Default test -->
  </suite> <!-- Default suite -->
</testng-results>
